<?xml version="1.0" encoding="UTF-8"?>
<!-- Generated by org.testng.reporters.JUnitXMLReporter -->
<testsuite ignored="10" hostname="Irem-MBP" failures="0" tests="1" name="Default test" time="2.525" errors="0" timestamp="2024-12-26T21:11:46 EST">
  <testcase classname="steps.apiTest" name="getMyUser" time="2.469"/>
  <testcase classname="steps.apiTest" name="deleteToTheAllBooks" time="0.0">
    <ignored/>
  </testcase> <!-- deleteToTheAllBooks -->
  <testcase classname="steps.apiTest" name="createNewUser1" time="0.0">
    <ignored/>
  </testcase> <!-- createNewUser1 -->
  <testcase classname="steps.apiTest" name="deleteAccHW5" time="0.0">
    <ignored/>
  </testcase> <!-- deleteAccHW5 -->
  <testcase classname="steps.apiTest" name="deleteBooksUser" time="0.0">
    <ignored/>
  </testcase> <!-- deleteBooksUser -->
  <testcase classname="steps.apiTest" name="publishBooks" time="0.0">
    <ignored/>
  </testcase> <!-- publishBooks -->
  <testcase classname="steps.apiTest" name="getAllBooksNew" time="0.0">
    <ignored/>
  </testcase> <!-- getAllBooksNew -->
  <testcase classname="steps.apiTest" name="testingAPI" time="0.0">
    <ignored/>
  </testcase> <!-- testingAPI -->
  <testcase classname="steps.apiTest" name="hw4API" time="0.0">
    <ignored/>
  </testcase> <!-- hw4API -->
  <testcase classname="steps.apiTest" name="putUpdate" time="0.0">
    <ignored/>
  </testcase> <!-- putUpdate -->
  <testcase classname="steps.apiTest" name="tokenForUser" time="0.0">
    <ignored/>
  </testcase> <!-- tokenForUser -->
</testsuite> <!-- Default test -->
