<?xml version="1.0" encoding="UTF-8"?>
<!-- Generated by org.testng.reporters.JUnitXMLReporter -->
<testsuite ignored="5" hostname="Irem-MBP" failures="0" tests="1" name="Default test" time="0.464" errors="0" timestamp="2025-01-03T13:33:16 EST">
  <testcase classname="steps.dbTest" name="newTab" time="0.416"/>
  <testcase classname="steps.dbTest" name="custNoOrder" time="0.0">
    <ignored/>
  </testcase> <!-- custNoOrder -->
  <testcase classname="steps.dbTest" name="notUSA" time="0.0">
    <ignored/>
  </testcase> <!-- notUSA -->
  <testcase classname="steps.dbTest" name="DataMi" time="0.0">
    <ignored/>
  </testcase> <!-- DataMi -->
  <testcase classname="steps.dbTest" name="db2024" time="0.0">
    <ignored/>
  </testcase> <!-- db2024 -->
  <testcase classname="steps.dbTest" name="testingDB" time="0.0">
    <ignored/>
  </testcase> <!-- testingDB -->
</testsuite> <!-- Default test -->
