<?xml version="1.0" encoding="UTF-8"?>
<testng-results ignored="0" total="1" passed="1" failed="0" skipped="0">
  <reporter-output>
  </reporter-output>
  <suite started-at="2024-11-17T10:59:24 EST" name="Default suite" finished-at="2024-11-17T10:59:24 EST" duration-ms="43">
    <groups>
    </groups>
    <test started-at="2024-11-17T10:59:24 EST" name="Default test" finished-at="2024-11-17T10:59:24 EST" duration-ms="43">
      <class name="steps.employeeProfile">
        <test-method signature="testiko()[pri:0, instance:steps.employeeProfile@606e4010]" started-at="2024-11-17T10:59:24 EST" name="testiko" finished-at="2024-11-17T10:59:24 EST" duration-ms="7" status="PASS">
          <reporter-output>
          </reporter-output>
        </test-method> <!-- testiko -->
      </class> <!-- steps.employeeProfile -->
    </test> <!-- Default test -->
  </suite> <!-- Default suite -->
</testng-results>
