<?xml version="1.0" encoding="UTF-8"?>
<testng-results ignored="0" total="1" passed="1" failed="0" skipped="0">
  <reporter-output>
  </reporter-output>
  <suite started-at="2024-12-26T21:11:44 EST" name="Default suite" finished-at="2024-12-26T21:11:46 EST" duration-ms="2525">
    <groups>
    </groups>
    <test started-at="2024-12-26T21:11:44 EST" name="Default test" finished-at="2024-12-26T21:11:46 EST" duration-ms="2525">
      <class name="steps.apiTest">
        <test-method signature="getMyUser()[pri:0, instance:steps.apiTest@79e4c792]" started-at="2024-12-26T21:11:44 EST" name="getMyUser" finished-at="2024-12-26T21:11:46 EST" duration-ms="2469" status="PASS">
          <reporter-output>
          </reporter-output>
        </test-method> <!-- getMyUser -->
      </class> <!-- steps.apiTest -->
    </test> <!-- Default test -->
  </suite> <!-- Default suite -->
</testng-results>
